TN:
SF:src/MondrianWallet.sol
FN:44,MondrianWallet.requireFromEntryPoint
FNDA:1,MondrianWallet.requireFromEntryPoint
DA:45,1
DA:45,1
DA:45,1
BRDA:45,0,0,-
BRDA:45,0,1,1
DA:46,0
DA:46,0
FN:51,MondrianWallet.requireFromEntryPointOrOwner
FNDA:3,MondrianWallet.requireFromEntryPointOrOwner
DA:52,3
DA:52,3
DA:52,3
DA:52,3
DA:52,2
DA:52,2
BRDA:52,1,0,-
BRDA:52,1,1,3
DA:53,0
DA:53,0
FN:61,MondrianWallet.
FNDA:21,MondrianWallet.
DA:62,8
DA:62,8
FN:72,MondrianWallet.validateUserOp
FNDA:1,MondrianWallet.validateUserOp
DA:79,1
DA:79,1
DA:80,1
DA:80,1
DA:81,1
DA:81,1
FN:90,MondrianWallet.execute
FNDA:3,MondrianWallet.execute
DA:95,3
DA:95,3
DA:95,3
DA:96,3
DA:96,3
BRDA:96,2,0,1
BRDA:96,2,1,2
FN:120,MondrianWallet._validateSignature
FNDA:1,MondrianWallet._validateSignature
DA:125,1
DA:125,1
DA:125,1
DA:131,1
DA:131,1
DA:132,1
DA:132,1
FN:151,MondrianWallet._validateNonce
FNDA:1,MondrianWallet._validateNonce
FN:162,MondrianWallet._payPrefund
FNDA:1,MondrianWallet._payPrefund
DA:163,1
DA:163,1
BRDA:163,3,0,-
BRDA:163,3,1,-
DA:164,0
DA:164,0
DA:164,0
FN:173,MondrianWallet.tokenURI
FNDA:1,MondrianWallet.tokenURI
DA:174,1
DA:174,1
DA:174,1
DA:174,1
BRDA:174,4,0,-
BRDA:174,4,1,-
DA:175,0
DA:175,0
DA:177,0
DA:177,0
DA:177,0
DA:178,0
DA:178,0
BRDA:178,5,0,-
BRDA:178,5,1,-
DA:179,0
DA:179,0
DA:180,0
DA:180,0
BRDA:180,6,0,-
BRDA:180,6,1,-
DA:181,0
DA:181,0
DA:182,0
DA:182,0
BRDA:182,7,0,-
BRDA:182,7,1,-
DA:183,0
DA:183,0
DA:185,0
DA:185,0
FN:189,MondrianWallet.getEntryPoint
FNDA:2,MondrianWallet.getEntryPoint
DA:190,2
DA:190,2
FN:198,MondrianWallet.getNonce
FNDA:0,MondrianWallet.getNonce
DA:199,0
DA:199,0
DA:199,0
FN:205,MondrianWallet.getDeposit
FNDA:0,MondrianWallet.getDeposit
DA:206,0
DA:206,0
DA:206,0
FN:212,MondrianWallet.addDeposit
FNDA:1,MondrianWallet.addDeposit
DA:214,1
DA:214,1
FNF:13
FNH:11
LF:29
LH:15
BRF:16
BRH:4
end_of_record
TN:
SF:src/TargetContract.sol
FN:9,TargetContract.setValue
FNDA:1,TargetContract.setValue
DA:10,1
DA:10,1
DA:11,1
DA:11,1
FNF:1
FNH:1
LF:2
LH:2
BRF:0
BRH:0
end_of_record
TN:
SF:src/mocks/MockERC20.sol
FN:10,MockERC20.
FNDA:0,MockERC20.
FN:12,MockERC20.mint
FNDA:1,MockERC20.mint
DA:13,1
DA:13,1
DA:14,1
DA:14,1
FN:17,MockERC20.transfer
FNDA:1,MockERC20.transfer
DA:18,1
DA:18,1
DA:19,1
DA:19,1
DA:19,1
DA:20,1
DA:20,1
DA:21,0
DA:21,0
FNF:3
FNH:2
LF:6
LH:5
BRF:0
BRH:0
end_of_record
TN:
SF:src/mocks/MockEntryPoint.sol
FN:388,Exec.call
FNDA:1,Exec.call
DA:390,1
DA:390,1
FN:394,Exec.staticcall
FNDA:0,Exec.staticcall
DA:396,0
DA:396,0
FN:400,Exec.delegateCall
FNDA:0,Exec.delegateCall
DA:402,0
DA:402,0
FN:407,Exec.getReturnData
FNDA:0,Exec.getReturnData
DA:410,0
BRDA:410,0,0,-
DA:410,0
DA:415,0
DA:415,0
FN:420,Exec.revertWithData
FNDA:0,Exec.revertWithData
FN:426,Exec.callAndRevert
FNDA:0,Exec.callAndRevert
DA:427,0
DA:427,0
DA:427,0
DA:428,0
DA:428,0
BRDA:428,1,0,-
BRDA:428,1,1,-
DA:429,0
DA:429,0
FN:511,StakeManager.getDepositInfo
FNDA:0,StakeManager.getDepositInfo
DA:512,0
DA:512,0
FN:519,StakeManager._getStakeInfo
FNDA:0,StakeManager._getStakeInfo
DA:520,0
DA:520,0
DA:521,0
DA:521,0
DA:522,0
DA:522,0
FN:526,StakeManager.balanceOf
FNDA:0,StakeManager.balanceOf
DA:527,1
DA:527,1
FN:540,StakeManager._incrementDeposit
FNDA:2,StakeManager._incrementDeposit
DA:541,2
DA:541,2
DA:542,2
DA:542,2
DA:542,2
DA:543,2
DA:543,2
DA:544,2
DA:544,2
FN:551,StakeManager.depositTo
FNDA:1,StakeManager.depositTo
DA:552,1
DA:552,1
DA:552,1
DA:553,1
DA:553,1
FN:561,StakeManager.addStake
FNDA:0,StakeManager.addStake
DA:562,0
DA:562,0
DA:563,0
DA:563,0
BRDA:563,0,0,-
BRDA:563,0,1,-
DA:564,0
DA:564,0
BRDA:564,1,0,-
BRDA:564,1,1,-
DA:565,0
DA:565,0
DA:565,0
DA:566,0
DA:566,0
BRDA:566,2,0,-
BRDA:566,2,1,-
DA:567,0
DA:567,0
BRDA:567,3,0,-
BRDA:567,3,1,-
DA:568,0
DA:568,0
DA:569,0
DA:569,0
FN:576,StakeManager.unlockStake
FNDA:0,StakeManager.unlockStake
DA:577,0
DA:577,0
DA:578,0
DA:578,0
BRDA:578,4,0,-
BRDA:578,4,1,-
DA:579,0
DA:579,0
BRDA:579,5,0,-
BRDA:579,5,1,-
DA:580,0
DA:580,0
DA:580,0
DA:580,0
DA:581,0
DA:581,0
DA:582,0
DA:582,0
DA:583,0
DA:583,0
FN:591,StakeManager.withdrawStake
FNDA:0,StakeManager.withdrawStake
DA:592,0
DA:592,0
DA:593,0
DA:593,0
DA:594,0
DA:594,0
BRDA:594,6,0,-
BRDA:594,6,1,-
DA:595,0
DA:595,0
BRDA:595,7,0,-
BRDA:595,7,1,-
DA:596,0
DA:596,0
BRDA:596,8,0,-
BRDA:596,8,1,-
DA:597,0
DA:597,0
DA:598,0
DA:598,0
DA:599,0
DA:599,0
DA:600,0
DA:600,0
DA:601,0
DA:601,0
DA:601,0
DA:602,0
DA:602,0
BRDA:602,9,0,-
BRDA:602,9,1,-
FN:610,StakeManager.withdrawTo
FNDA:0,StakeManager.withdrawTo
DA:611,0
DA:611,0
DA:612,0
DA:612,0
BRDA:612,10,0,-
BRDA:612,10,1,-
DA:613,0
DA:613,0
DA:614,0
DA:614,0
DA:615,0
DA:615,0
DA:615,0
DA:616,0
DA:616,0
BRDA:616,11,0,-
BRDA:616,11,1,-
FN:46,ReentrancyGuard.
FNDA:2,ReentrancyGuard.
DA:47,2
DA:47,2
FN:57,ReentrancyGuard.nonReentrant
FNDA:1,ReentrancyGuard.nonReentrant
DA:58,1
DA:58,1
DA:60,1
DA:60,1
FN:63,ReentrancyGuard._nonReentrantBefore
FNDA:1,ReentrancyGuard._nonReentrantBefore
DA:65,1
DA:65,1
BRDA:65,0,0,-
BRDA:65,0,1,1
DA:66,0
DA:66,0
DA:70,1
DA:70,1
FN:73,ReentrancyGuard._nonReentrantAfter
FNDA:1,ReentrancyGuard._nonReentrantAfter
DA:76,1
DA:76,1
FN:83,ReentrancyGuard._reentrancyGuardEntered
FNDA:0,ReentrancyGuard._reentrancyGuardEntered
DA:84,0
DA:84,0
DA:84,0
FN:215,SenderCreator.createSender
FNDA:0,SenderCreator.createSender
DA:216,0
DA:216,0
DA:216,0
DA:217,0
DA:217,0
DA:218,0
DA:218,0
DA:221,0
DA:221,0
DA:222,0
DA:222,0
DA:224,0
DA:224,0
BRDA:224,0,0,-
BRDA:224,0,1,-
DA:225,0
DA:225,0
FN:1109,MockEntryPoint.senderCreator
FNDA:0,MockEntryPoint.senderCreator
DA:1110,0
DA:1110,0
FN:1125,MockEntryPoint.supportsInterface
FNDA:0,MockEntryPoint.supportsInterface
DA:1127,0
DA:1127,0
DA:1127,0
DA:1127,0
DA:1127,0
DA:1127,0
DA:1127,0
DA:1129,0
DA:1129,0
DA:1129,0
DA:1130,0
DA:1130,0
DA:1130,0
FN:1138,MockEntryPoint._compensate
FNDA:1,MockEntryPoint._compensate
DA:1139,1
DA:1139,1
BRDA:1139,0,0,-
BRDA:1139,0,1,1
DA:1140,1
DA:1140,1
DA:1140,1
DA:1141,1
DA:1141,1
BRDA:1141,1,0,-
BRDA:1141,1,1,1
FN:1151,MockEntryPoint._executeUserOp
FNDA:1,MockEntryPoint._executeUserOp
DA:1155,1
DA:1155,1
DA:1155,1
DA:1156,1
DA:1156,1
DA:1156,1
DA:1157,1
DA:1157,1
DA:1159,1
DA:1159,1
DA:1161,1
DA:1161,1
DA:1163,1
DA:1163,1
DA:1164,1
DA:1164,1
DA:1165,1
DA:1165,1
DA:1168,1
BRDA:1168,2,0,1
DA:1168,1
DA:1170,1
DA:1170,1
BRDA:1170,3,0,-
BRDA:1170,3,1,1
DA:1171,0
DA:1171,0
DA:1171,0
DA:1172,0
DA:1172,0
DA:1174,1
DA:1174,1
DA:1177,1
DA:1177,1
DA:1178,1
DA:1178,1
DA:1182,1
DA:1182,1
BRDA:1182,4,0,-
BRDA:1182,4,1,-
DA:1183,0
DA:1183,0
DA:1186,0
BRDA:1186,5,0,-
DA:1188,0
DA:1188,0
DA:1191,0
DA:1191,0
BRDA:1191,6,0,-
BRDA:1191,6,1,-
DA:1194,0
DA:1194,0
DA:1195,0
DA:1195,0
BRDA:1195,7,0,-
BRDA:1195,7,1,-
DA:1197,0
DA:1197,0
DA:1197,0
DA:1197,0
DA:1197,0
DA:1198,0
DA:1198,0
DA:1199,0
DA:1199,0
DA:1200,0
DA:1200,0
DA:1201,0
DA:1201,0
DA:1203,0
DA:1203,0
DA:1210,0
DA:1210,0
DA:1210,0
DA:1210,0
DA:1210,0
DA:1211,0
DA:1211,0
FN:1216,MockEntryPoint.emitUserOperationEvent
FNDA:1,MockEntryPoint.emitUserOperationEvent
DA:1220,1
DA:1220,1
FN:1231,MockEntryPoint.emitPrefundTooLow
FNDA:0,MockEntryPoint.emitPrefundTooLow
DA:1232,0
DA:1232,0
FN:1236,MockEntryPoint.handleOps
FNDA:1,MockEntryPoint.handleOps
DA:1237,1
DA:1237,1
DA:1238,1
DA:1238,1
DA:1238,1
DA:1241,1
DA:1241,1
DA:1241,2
DA:1241,1
DA:1242,1
DA:1242,1
DA:1243,1
DA:1243,1
DA:1243,1
DA:1244,1
DA:1244,1
DA:1247,1
DA:1247,1
DA:1248,1
DA:1248,1
DA:1250,1
DA:1250,1
DA:1250,2
DA:1250,1
DA:1251,1
DA:1251,1
DA:1254,1
DA:1254,1
FN:1259,MockEntryPoint.handleAggregatedOps
FNDA:0,MockEntryPoint.handleAggregatedOps
DA:1263,0
DA:1263,0
DA:1264,0
DA:1264,0
DA:1265,0
DA:1265,0
DA:1265,0
DA:1265,0
DA:1266,0
DA:1266,0
DA:1267,0
DA:1267,0
DA:1268,0
DA:1268,0
DA:1271,0
DA:1271,0
BRDA:1271,8,0,-
BRDA:1271,8,1,-
DA:1273,0
DA:1273,0
DA:1273,0
DA:1273,0
BRDA:1273,9,0,-
BRDA:1273,9,1,-
DA:1275,0
DA:1275,0
DA:1281,0
DA:1281,0
DA:1284,0
DA:1284,0
DA:1284,0
DA:1286,0
DA:1286,0
DA:1287,0
DA:1287,0
DA:1287,0
DA:1287,0
DA:1288,0
DA:1288,0
DA:1289,0
DA:1289,0
DA:1290,0
DA:1290,0
DA:1292,0
DA:1292,0
DA:1293,0
DA:1293,0
DA:1293,0
DA:1293,0
DA:1294,0
DA:1294,0
DA:1295,0
DA:1295,0
DA:1295,0
DA:1296,0
DA:1296,0
DA:1299,0
DA:1299,0
DA:1303,0
DA:1303,0
DA:1305,0
DA:1305,0
DA:1306,0
DA:1306,0
DA:1307,0
DA:1307,0
DA:1307,0
DA:1307,0
DA:1308,0
DA:1308,0
DA:1309,0
DA:1309,0
DA:1310,0
DA:1310,0
DA:1311,0
DA:1311,0
DA:1313,0
DA:1313,0
DA:1313,0
DA:1313,0
DA:1314,0
DA:1314,0
DA:1315,0
DA:1315,0
DA:1318,0
DA:1318,0
DA:1320,0
DA:1320,0
FN:1356,MockEntryPoint.innerHandleOp
FNDA:1,MockEntryPoint.innerHandleOp
DA:1360,1
DA:1360,1
DA:1360,1
DA:1361,1
DA:1361,1
BRDA:1361,10,0,-
BRDA:1361,10,1,1
DA:1362,1
DA:1362,1
DA:1364,1
DA:1364,1
DA:1367,1
DA:1367,1
DA:1367,1
DA:1367,1
DA:1367,1
DA:1367,1
DA:1367,1
BRDA:1367,11,0,-
BRDA:1367,11,1,1
DA:1375,1
DA:1375,1
DA:1376,1
DA:1376,1
BRDA:1376,12,0,-
BRDA:1376,12,1,-
DA:1377,1
DA:1377,1
DA:1377,1
DA:1378,1
DA:1378,1
BRDA:1378,13,0,-
BRDA:1378,13,1,-
DA:1379,0
DA:1379,0
DA:1379,0
DA:1380,0
DA:1380,0
BRDA:1380,14,0,-
BRDA:1380,14,1,-
DA:1381,0
DA:1381,0
DA:1383,0
DA:1383,0
DA:1388,1
DA:1388,1
DA:1388,1
DA:1388,1
DA:1388,1
DA:1389,1
DA:1389,1
DA:1389,1
FN:1394,MockEntryPoint.getUserOpHash
FNDA:0,MockEntryPoint.getUserOpHash
DA:1395,1
DA:1395,1
DA:1395,1
FN:1403,MockEntryPoint._copyUserOpToMemory
FNDA:1,MockEntryPoint._copyUserOpToMemory
DA:1404,1
DA:1404,1
DA:1405,1
DA:1405,1
DA:1406,1
DA:1406,1
DA:1407,1
DA:1407,1
DA:1408,1
DA:1408,1
DA:1409,1
DA:1409,1
DA:1410,1
DA:1410,1
BRDA:1410,15,0,-
BRDA:1410,15,1,-
DA:1411,0
DA:1411,0
BRDA:1411,16,0,-
BRDA:1411,16,1,-
DA:1412,0
DA:1412,0
DA:1415,1
DA:1415,1
DA:1416,1
DA:1416,1
DA:1417,1
DA:1417,1
FN:1425,MockEntryPoint._getRequiredPrefund
FNDA:1,MockEntryPoint._getRequiredPrefund
DA:1427,1
DA:1427,1
DA:1427,1
DA:1427,1
DA:1427,1
DA:1427,1
DA:1430,1
DA:1430,1
FN:1440,MockEntryPoint._createSenderIfNeeded
FNDA:1,MockEntryPoint._createSenderIfNeeded
DA:1441,1
DA:1441,1
BRDA:1441,17,0,-
BRDA:1441,17,1,-
DA:1442,0
DA:1442,0
DA:1443,0
DA:1443,0
BRDA:1443,18,0,-
BRDA:1443,18,1,-
DA:1444,0
DA:1444,0
DA:1446,0
DA:1446,0
DA:1446,0
DA:1447,0
DA:1447,0
DA:1447,0
BRDA:1447,19,0,-
BRDA:1447,19,1,-
DA:1448,0
DA:1448,0
DA:1450,0
DA:1450,0
BRDA:1450,20,0,-
BRDA:1450,20,1,-
DA:1451,0
DA:1451,0
DA:1453,0
DA:1453,0
BRDA:1453,21,0,-
BRDA:1453,21,1,-
DA:1454,0
DA:1454,0
DA:1456,0
DA:1456,0
DA:1456,0
DA:1457,0
DA:1457,0
FN:1462,MockEntryPoint.getSenderAddress
FNDA:0,MockEntryPoint.getSenderAddress
DA:1463,0
DA:1463,0
DA:1463,0
DA:1464,0
DA:1464,0
FN:1476,MockEntryPoint._validateAccountPrepayment
FNDA:1,MockEntryPoint._validateAccountPrepayment
DA:1484,1
DA:1484,1
DA:1485,1
DA:1485,1
DA:1486,1
DA:1486,1
DA:1487,1
DA:1487,1
DA:1488,1
DA:1488,1
DA:1489,1
DA:1489,1
DA:1489,1
BRDA:1489,22,0,1
BRDA:1489,22,1,-
DA:1490,1
DA:1490,1
DA:1490,1
DA:1491,1
DA:1491,1
DA:1493,1
DA:1493,1
DA:1499,1
DA:1499,1
DA:1499,1
BRDA:1499,23,0,-
BRDA:1499,23,1,1
DA:1500,1
DA:1500,1
DA:1501,1
DA:1501,1
DA:1502,1
DA:1502,1
BRDA:1502,24,0,-
BRDA:1502,24,1,1
DA:1503,0
DA:1503,0
DA:1505,1
DA:1505,1
FN:1521,MockEntryPoint._validatePaymasterPrepayment
FNDA:0,MockEntryPoint._validatePaymasterPrepayment
DA:1528,0
DA:1528,0
DA:1528,0
DA:1529,0
DA:1529,0
DA:1530,0
DA:1530,0
DA:1531,0
DA:1531,0
DA:1532,0
DA:1532,0
DA:1533,0
DA:1533,0
BRDA:1533,25,0,-
BRDA:1533,25,1,-
DA:1534,0
DA:1534,0
DA:1536,0
DA:1536,0
DA:1537,0
DA:1537,0
DA:1538,0
DA:1538,0
DA:1546,0
DA:1546,0
DA:1546,0
DA:1546,0
BRDA:1546,26,0,-
BRDA:1546,26,1,-
DA:1547,0
DA:1547,0
FN:1559,MockEntryPoint._validateAccountAndPaymasterValidationData
FNDA:1,MockEntryPoint._validateAccountAndPaymasterValidationData
DA:1565,1
DA:1565,1
DA:1565,1
DA:1566,1
DA:1566,1
BRDA:1566,27,0,-
BRDA:1566,27,1,1
DA:1567,0
DA:1567,0
DA:1569,1
BRDA:1569,28,0,-
BRDA:1569,28,1,1
DA:1570,0
DA:1570,0
DA:1575,1
DA:1575,1
DA:1576,1
DA:1576,1
DA:1577,1
DA:1577,1
DA:1577,1
BRDA:1577,29,0,-
BRDA:1577,29,1,1
DA:1578,0
DA:1578,0
DA:1580,1
BRDA:1580,30,0,-
BRDA:1580,30,1,1
DA:1581,0
DA:1581,0
FN:1591,MockEntryPoint._getValidationData
FNDA:2,MockEntryPoint._getValidationData
DA:1596,2
DA:1596,2
BRDA:1596,31,0,2
BRDA:1596,31,1,-
DA:1597,2
DA:1597,2
DA:1599,0
DA:1599,0
DA:1599,0
DA:1601,0
DA:1601,0
DA:1602,0
DA:1602,0
FN:1612,MockEntryPoint._validatePrepayment
FNDA:1,MockEntryPoint._validatePrepayment
DA:1616,1
DA:1616,1
DA:1616,1
DA:1617,1
DA:1617,1
DA:1618,1
DA:1618,1
DA:1619,1
DA:1619,1
DA:1623,1
DA:1623,1
DA:1624,1
DA:1624,1
DA:1624,1
DA:1624,1
DA:1624,1
DA:1624,1
DA:1624,1
DA:1624,1
DA:1627,1
DA:1627,1
BRDA:1627,32,0,-
BRDA:1627,32,1,1
DA:1629,1
DA:1629,1
DA:1629,1
DA:1630,1
DA:1630,1
DA:1632,1
DA:1632,1
BRDA:1632,33,0,-
BRDA:1632,33,1,1
DA:1633,0
DA:1633,0
DA:1637,1
DA:1637,1
DA:1637,1
DA:1637,1
BRDA:1637,34,0,-
BRDA:1637,34,1,1
DA:1638,0
DA:1638,0
DA:1642,1
DA:1642,1
DA:1643,1
DA:1643,1
DA:1643,1
BRDA:1643,35,0,-
BRDA:1643,35,1,1
DA:1644,0
DA:1644,0
DA:1648,1
DA:1648,1
DA:1649,1
DA:1649,1
DA:1650,1
DA:1650,1
FN:1663,MockEntryPoint._postExecution
FNDA:1,MockEntryPoint._postExecution
DA:1669,1
DA:1669,1
DA:1669,1
DA:1671,1
DA:1671,1
DA:1672,1
DA:1672,1
DA:1673,1
DA:1673,1
DA:1673,1
DA:1675,1
DA:1675,1
DA:1676,1
DA:1676,1
DA:1676,1
BRDA:1676,36,0,1
BRDA:1676,36,1,-
DA:1677,1
DA:1677,1
DA:1679,0
DA:1679,0
DA:1680,0
DA:1680,0
BRDA:1680,37,0,-
BRDA:1680,37,1,-
DA:1681,0
DA:1681,0
DA:1682,0
DA:1682,0
BRDA:1682,38,0,-
BRDA:1682,38,1,-
DA:1683,0
DA:1683,0
DA:1694,1
DA:1694,1
DA:1698,1
DA:1698,1
DA:1698,1
DA:1699,1
DA:1699,1
DA:1699,1
DA:1701,1
DA:1701,1
BRDA:1701,39,0,-
BRDA:1701,39,1,1
DA:1702,1
DA:1702,1
DA:1702,1
DA:1703,1
DA:1703,1
DA:1703,1
DA:1704,1
DA:1704,1
DA:1708,1
DA:1708,1
DA:1709,1
DA:1709,1
DA:1710,1
DA:1710,1
BRDA:1710,40,0,-
BRDA:1710,40,1,-
DA:1711,0
DA:1711,0
BRDA:1711,41,0,-
BRDA:1711,41,1,-
DA:1712,0
DA:1712,0
DA:1713,0
DA:1713,0
DA:1714,0
DA:1714,0
DA:1722,1
DA:1722,1
DA:1722,1
DA:1723,1
DA:1723,1
DA:1724,1
DA:1724,1
DA:1724,1
DA:1725,1
DA:1725,1
FN:1735,MockEntryPoint.getUserOpGasPrice
FNDA:1,MockEntryPoint.getUserOpGasPrice
DA:1737,1
DA:1737,1
DA:1738,1
DA:1738,1
DA:1739,1
DA:1739,1
BRDA:1739,42,0,1
BRDA:1739,42,1,-
DA:1741,1
DA:1741,1
DA:1743,0
DA:1743,0
DA:1743,0
FN:1751,MockEntryPoint.getOffsetOfMemoryBytes
FNDA:1,MockEntryPoint.getOffsetOfMemoryBytes
DA:1753,1
DA:1753,1
FN:1761,MockEntryPoint.getMemoryBytesFromOffset
FNDA:1,MockEntryPoint.getMemoryBytesFromOffset
DA:1763,1
DA:1763,1
FN:1768,MockEntryPoint.delegateAndRevert
FNDA:0,MockEntryPoint.delegateAndRevert
DA:1769,0
DA:1769,0
DA:1769,0
DA:1770,0
DA:1770,0
FN:784,UserOperationLib.getSender
FNDA:1,UserOperationLib.getSender
DA:785,1
DA:785,1
DA:788,1
DA:788,1
DA:790,1
DA:790,1
DA:790,1
FN:798,UserOperationLib.gasPrice
FNDA:0,UserOperationLib.gasPrice
DA:800,0
DA:800,0
DA:800,0
DA:801,0
DA:801,0
BRDA:801,0,0,-
BRDA:801,0,1,-
DA:803,0
DA:803,0
DA:805,0
DA:805,0
DA:805,0
FN:813,UserOperationLib.encode
FNDA:1,UserOperationLib.encode
DA:814,1
DA:814,1
DA:814,1
DA:815,1
DA:815,1
DA:816,1
DA:816,1
DA:816,1
DA:817,1
DA:817,1
DA:817,1
DA:818,1
DA:818,1
DA:819,1
DA:819,1
DA:820,1
DA:820,1
DA:821,1
DA:821,1
DA:821,1
DA:823,1
DA:823,1
DA:823,1
FN:835,UserOperationLib.unpackUints
FNDA:2,UserOperationLib.unpackUints
DA:836,2
DA:836,2
FN:840,UserOperationLib.unpackHigh128
FNDA:0,UserOperationLib.unpackHigh128
DA:841,0
DA:841,0
DA:841,0
DA:841,0
FN:845,UserOperationLib.unpackLow128
FNDA:0,UserOperationLib.unpackLow128
DA:846,0
DA:846,0
DA:846,0
FN:849,UserOperationLib.unpackMaxPriorityFeePerGas
FNDA:0,UserOperationLib.unpackMaxPriorityFeePerGas
DA:850,0
DA:850,0
DA:850,0
FN:853,UserOperationLib.unpackMaxFeePerGas
FNDA:0,UserOperationLib.unpackMaxFeePerGas
DA:854,0
DA:854,0
DA:854,0
FN:857,UserOperationLib.unpackVerificationGasLimit
FNDA:0,UserOperationLib.unpackVerificationGasLimit
DA:858,0
DA:858,0
DA:858,0
FN:861,UserOperationLib.unpackCallGasLimit
FNDA:0,UserOperationLib.unpackCallGasLimit
DA:862,0
DA:862,0
DA:862,0
FN:865,UserOperationLib.unpackPaymasterVerificationGasLimit
FNDA:0,UserOperationLib.unpackPaymasterVerificationGasLimit
DA:866,0
DA:866,0
DA:866,0
FN:869,UserOperationLib.unpackPostOpGasLimit
FNDA:0,UserOperationLib.unpackPostOpGasLimit
DA:870,0
DA:870,0
DA:870,0
FN:873,UserOperationLib.unpackPaymasterStaticFields
FNDA:0,UserOperationLib.unpackPaymasterStaticFields
DA:878,0
DA:878,0
FN:889,UserOperationLib.hash
FNDA:1,UserOperationLib.hash
DA:890,1
DA:890,1
DA:890,1
FN:471,NonceManager.getNonce
FNDA:0,NonceManager.getNonce
DA:472,0
DA:472,0
DA:472,0
FN:479,NonceManager.incrementNonce
FNDA:0,NonceManager.incrementNonce
DA:480,0
DA:480,0
FN:489,NonceManager._validateAndUpdateNonce
FNDA:1,NonceManager._validateAndUpdateNonce
DA:490,1
DA:490,1
DA:490,1
DA:491,1
DA:491,1
DA:491,1
DA:492,1
DA:492,1
DA:492,1
DA:492,1
FN:454,ERC165.supportsInterface
FNDA:0,ERC165.supportsInterface
DA:455,0
DA:455,0
DA:455,0
FNF:63
FNH:28
LF:330
LH:151
BRF:117
BRH:22
end_of_record
